<?xml version="1.0" encoding="UTF-8"?>
<!-- Generated by org.testng.reporters.JUnitXMLReporter -->
<testsuite hostname="VivekPC" ignored="0" name="Test" tests="1" failures="1" timestamp="01 Dec 2018 05:20:59 GMT" time="1.184" errors="0">
  <testcase name="toVerifyHeader" time="0.479" classname="homePageTestCases.toverifyHeaders">
    <failure type="java.lang.ArrayIndexOutOfBoundsException" message="5">
      <![CDATA[java.lang.ArrayIndexOutOfBoundsException: 5
at com.Diaspark.app.homePage.toVerifyHeaderContent(homePage.java:20)
at homePageTestCases.toverifyHeaders.toVerifyHeader(toverifyHeaders.java:13)
... Removed 25 stack frames]]>
    </failure>
  </testcase> <!-- toVerifyHeader -->
</testsuite> <!-- Test -->
